<?xml version="1.0" encoding="UTF-8"?>
<testsuite name="org.apache.xmpbox.schema.XMPMediaManagementTest" time="0.005" tests="22" errors="0" skipped="0" failures="0">
  <properties>
[...]
</properties>
  <testcase name="testGetSetValue[DocumentID org.apache.xmpbox.type.TypeMapping$1@77f03bb1 {2}]" classname="org.apache.xmpbox.schema.XMPMediaManagementTest" time="0"/>
  <testcase name="testGetSetProperty[DocumentID org.apache.xmpbox.type.TypeMapping$1@77f03bb1 {2}]" classname="org.apache.xmpbox.schema.XMPMediaManagementTest" time="0"/>
  <testcase name="testGetSetValue[Manager org.apache.xmpbox.type.TypeMapping$1@326de728 {2}]" classname="org.apache.xmpbox.schema.XMPMediaManagementTest" time="0"/>
  <testcase name="testGetSetProperty[Manager org.apache.xmpbox.type.TypeMapping$1@326de728 {2}]" classname="org.apache.xmpbox.schema.XMPMediaManagementTest" time="0"/>
  <testcase name="testGetSetValue[ManageTo org.apache.xmpbox.type.TypeMapping$1@25618e91 {2}]" classname="org.apache.xmpbox.schema.XMPMediaManagementTest" time="0"/>
  <testcase name="testGetSetProperty[ManageTo org.apache.xmpbox.type.TypeMapping$1@25618e91 {2}]" classname="org.apache.xmpbox.schema.XMPMediaManagementTest" time="0"/>
  <testcase name="testGetSetValue[ManageUI org.apache.xmpbox.type.TypeMapping$1@7a92922 {2}]" classname="org.apache.xmpbox.schema.XMPMediaManagementTest" time="0"/>
  <testcase name="testGetSetProperty[ManageUI org.apache.xmpbox.type.TypeMapping$1@7a92922 {2}]" classname="org.apache.xmpbox.schema.XMPMediaManagementTest" time="0"/>
  <testcase name="testGetSetValue[InstanceID org.apache.xmpbox.type.TypeMapping$1@71f2a7d5 {2}]" classname="org.apache.xmpbox.schema.XMPMediaManagementTest" time="0"/>
  <testcase name="testGetSetProperty[InstanceID org.apache.xmpbox.type.TypeMapping$1@71f2a7d5 {2}]" classname="org.apache.xmpbox.schema.XMPMediaManagementTest" time="0"/>
  <testcase name="testGetSetValue[OriginalDocumentID org.apache.xmpbox.type.TypeMapping$1@2cfb4a64 {2}]" classname="org.apache.xmpbox.schema.XMPMediaManagementTest" time="0"/>
  <testcase name="testGetSetProperty[OriginalDocumentID org.apache.xmpbox.type.TypeMapping$1@2cfb4a64 {2}]" classname="org.apache.xmpbox.schema.XMPMediaManagementTest" time="0"/>
  <testcase name="testGetSetValue[RenditionParams org.apache.xmpbox.type.TypeMapping$1@5474c6c {2}]" classname="org.apache.xmpbox.schema.XMPMediaManagementTest" time="0"/>
  <testcase name="testGetSetProperty[RenditionParams org.apache.xmpbox.type.TypeMapping$1@5474c6c {2}]" classname="org.apache.xmpbox.schema.XMPMediaManagementTest" time="0"/>
  <testcase name="testGetSetValue[VersionID org.apache.xmpbox.type.TypeMapping$1@4b6995df {2}]" classname="org.apache.xmpbox.schema.XMPMediaManagementTest" time="0"/>
  <testcase name="testGetSetProperty[VersionID org.apache.xmpbox.type.TypeMapping$1@4b6995df {2}]" classname="org.apache.xmpbox.schema.XMPMediaManagementTest" time="0"/>
  <testcase name="testGetSetValue[Versions org.apache.xmpbox.type.TypeMapping$1@2fc14f68 {2}]" classname="org.apache.xmpbox.schema.XMPMediaManagementTest" time="0"/>
  <testcase name="testGetSetProperty[Versions org.apache.xmpbox.type.TypeMapping$1@2fc14f68 {2}]" classname="org.apache.xmpbox.schema.XMPMediaManagementTest" time="0"/>
  <testcase name="testGetSetValue[History org.apache.xmpbox.type.TypeMapping$1@591f989e {2}]" classname="org.apache.xmpbox.schema.XMPMediaManagementTest" time="0"/>
  <testcase name="testGetSetProperty[History org.apache.xmpbox.type.TypeMapping$1@591f989e {2}]" classname="org.apache.xmpbox.schema.XMPMediaManagementTest" time="0"/>
  <testcase name="testGetSetValue[Ingredients org.apache.xmpbox.type.TypeMapping$1@66048bfd {2}]" classname="org.apache.xmpbox.schema.XMPMediaManagementTest" time="0.001"/>
  <testcase name="testGetSetProperty[Ingredients org.apache.xmpbox.type.TypeMapping$1@66048bfd {2}]" classname="org.apache.xmpbox.schema.XMPMediaManagementTest" time="0.004"/>
</testsuite>