<?xml version="1.0" encoding="UTF-8"?>
<testsuite name="org.apache.xmpbox.type.TestResourceRefType" time="0.313" tests="105" errors="0" skipped="0" failures="0">
  <properties>
[...]
</properties>
  <testcase name="testPropertyType[0]" classname="org.apache.xmpbox.type.TestResourceRefType" time="0"/>
  <testcase name="testRandomPropertyType[0]" classname="org.apache.xmpbox.type.TestResourceRefType" time="0"/>
  <testcase name="testRandomSetter[0]" classname="org.apache.xmpbox.type.TestResourceRefType" time="0"/>
  <testcase name="testInitializedToNull[0]" classname="org.apache.xmpbox.type.TestResourceRefType" time="0"/>
  <testcase name="testSettingValue[0]" classname="org.apache.xmpbox.type.TestResourceRefType" time="0"/>
  <testcase name="testRandomSettingValue[0]" classname="org.apache.xmpbox.type.TestResourceRefType" time="0"/>
  <testcase name="testSetter[0]" classname="org.apache.xmpbox.type.TestResourceRefType" time="0"/>
  <testcase name="testPropertyType[1]" classname="org.apache.xmpbox.type.TestResourceRefType" time="0.001"/>
  <testcase name="testRandomPropertyType[1]" classname="org.apache.xmpbox.type.TestResourceRefType" time="0.004"/>
  <testcase name="testRandomSetter[1]" classname="org.apache.xmpbox.type.TestResourceRefType" time="0.006"/>
  <testcase name="testInitializedToNull[1]" classname="org.apache.xmpbox.type.TestResourceRefType" time="0.005"/>
  <testcase name="testSettingValue[1]" classname="org.apache.xmpbox.type.TestResourceRefType" time="0.002"/>
  <testcase name="testRandomSettingValue[1]" classname="org.apache.xmpbox.type.TestResourceRefType" time="0.003"/>
  <testcase name="testSetter[1]" classname="org.apache.xmpbox.type.TestResourceRefType" time="0.002"/>
  <testcase name="testPropertyType[2]" classname="org.apache.xmpbox.type.TestResourceRefType" time="0.002"/>
  <testcase name="testRandomPropertyType[2]" classname="org.apache.xmpbox.type.TestResourceRefType" time="0.007"/>
  <testcase name="testRandomSetter[2]" classname="org.apache.xmpbox.type.TestResourceRefType" time="0.006"/>
  <testcase name="testInitializedToNull[2]" classname="org.apache.xmpbox.type.TestResourceRefType" time="0.002"/>
  <testcase name="testSettingValue[2]" classname="org.apache.xmpbox.type.TestResourceRefType" time="0.002"/>
  <testcase name="testRandomSettingValue[2]" classname="org.apache.xmpbox.type.TestResourceRefType" time="0.003"/>
  <testcase name="testSetter[2]" classname="org.apache.xmpbox.type.TestResourceRefType" time="0.002"/>
  <testcase name="testPropertyType[3]" classname="org.apache.xmpbox.type.TestResourceRefType" time="0.004"/>
  <testcase name="testRandomPropertyType[3]" classname="org.apache.xmpbox.type.TestResourceRefType" time="0.003"/>
  <testcase name="testRandomSetter[3]" classname="org.apache.xmpbox.type.TestResourceRefType" time="0.005"/>
  <testcase name="testInitializedToNull[3]" classname="org.apache.xmpbox.type.TestResourceRefType" time="0.002"/>
  <testcase name="testSettingValue[3]" classname="org.apache.xmpbox.type.TestResourceRefType" time="0.002"/>
  <testcase name="testRandomSettingValue[3]" classname="org.apache.xmpbox.type.TestResourceRefType" time="0.003"/>
  <testcase name="testSetter[3]" classname="org.apache.xmpbox.type.TestResourceRefType" time="0.002"/>
  <testcase name="testPropertyType[4]" classname="org.apache.xmpbox.type.TestResourceRefType" time="0.003"/>
  <testcase name="testRandomPropertyType[4]" classname="org.apache.xmpbox.type.TestResourceRefType" time="0.006"/>
  <testcase name="testRandomSetter[4]" classname="org.apache.xmpbox.type.TestResourceRefType" time="0.009"/>
  <testcase name="testInitializedToNull[4]" classname="org.apache.xmpbox.type.TestResourceRefType" time="0.003"/>
  <testcase name="testSettingValue[4]" classname="org.apache.xmpbox.type.TestResourceRefType" time="0.003"/>
  <testcase name="testRandomSettingValue[4]" classname="org.apache.xmpbox.type.TestResourceRefType" time="0.007"/>
  <testcase name="testSetter[4]" classname="org.apache.xmpbox.type.TestResourceRefType" time="0.003"/>
  <testcase name="testPropertyType[5]" classname="org.apache.xmpbox.type.TestResourceRefType" time="0.002"/>
  <testcase name="testRandomPropertyType[5]" classname="org.apache.xmpbox.type.TestResourceRefType" time="0.003"/>
  <testcase name="testRandomSetter[5]" classname="org.apache.xmpbox.type.TestResourceRefType" time="0.005"/>
  <testcase name="testInitializedToNull[5]" classname="org.apache.xmpbox.type.TestResourceRefType" time="0.002"/>
  <testcase name="testSettingValue[5]" classname="org.apache.xmpbox.type.TestResourceRefType" time="0.002"/>
  <testcase name="testRandomSettingValue[5]" classname="org.apache.xmpbox.type.TestResourceRefType" time="0.003"/>
  <testcase name="testSetter[5]" classname="org.apache.xmpbox.type.TestResourceRefType" time="0.002"/>
  <testcase name="testPropertyType[6]" classname="org.apache.xmpbox.type.TestResourceRefType" time="0.002"/>
  <testcase name="testRandomPropertyType[6]" classname="org.apache.xmpbox.type.TestResourceRefType" time="0.003"/>
  <testcase name="testRandomSetter[6]" classname="org.apache.xmpbox.type.TestResourceRefType" time="0.004"/>
  <testcase name="testInitializedToNull[6]" classname="org.apache.xmpbox.type.TestResourceRefType" time="0.002"/>
  <testcase name="testSettingValue[6]" classname="org.apache.xmpbox.type.TestResourceRefType" time="0.002"/>
  <testcase name="testRandomSettingValue[6]" classname="org.apache.xmpbox.type.TestResourceRefType" time="0.003"/>
  <testcase name="testSetter[6]" classname="org.apache.xmpbox.type.TestResourceRefType" time="0.002"/>
  <testcase name="testPropertyType[7]" classname="org.apache.xmpbox.type.TestResourceRefType" time="0.002"/>
  <testcase name="testRandomPropertyType[7]" classname="org.apache.xmpbox.type.TestResourceRefType" time="0.002"/>
  <testcase name="testRandomSetter[7]" classname="org.apache.xmpbox.type.TestResourceRefType" time="0.004"/>
  <testcase name="testInitializedToNull[7]" classname="org.apache.xmpbox.type.TestResourceRefType" time="0.002"/>
  <testcase name="testSettingValue[7]" classname="org.apache.xmpbox.type.TestResourceRefType" time="0.002"/>
  <testcase name="testRandomSettingValue[7]" classname="org.apache.xmpbox.type.TestResourceRefType" time="0.003"/>
  <testcase name="testSetter[7]" classname="org.apache.xmpbox.type.TestResourceRefType" time="0.001"/>
  <testcase name="testPropertyType[8]" classname="org.apache.xmpbox.type.TestResourceRefType" time="0.002"/>
  <testcase name="testRandomPropertyType[8]" classname="org.apache.xmpbox.type.TestResourceRefType" time="0.002"/>
  <testcase name="testRandomSetter[8]" classname="org.apache.xmpbox.type.TestResourceRefType" time="0.004"/>
  <testcase name="testInitializedToNull[8]" classname="org.apache.xmpbox.type.TestResourceRefType" time="0.002"/>
  <testcase name="testSettingValue[8]" classname="org.apache.xmpbox.type.TestResourceRefType" time="0.002"/>
  <testcase name="testRandomSettingValue[8]" classname="org.apache.xmpbox.type.TestResourceRefType" time="0.003"/>
  <testcase name="testSetter[8]" classname="org.apache.xmpbox.type.TestResourceRefType" time="0.002"/>
  <testcase name="testPropertyType[9]" classname="org.apache.xmpbox.type.TestResourceRefType" time="0.002"/>
  <testcase name="testRandomPropertyType[9]" classname="org.apache.xmpbox.type.TestResourceRefType" time="0.004"/>
  <testcase name="testRandomSetter[9]" classname="org.apache.xmpbox.type.TestResourceRefType" time="0.009"/>
  <testcase name="testInitializedToNull[9]" classname="org.apache.xmpbox.type.TestResourceRefType" time="0.002"/>
  <testcase name="testSettingValue[9]" classname="org.apache.xmpbox.type.TestResourceRefType" time="0.003"/>
  <testcase name="testRandomSettingValue[9]" classname="org.apache.xmpbox.type.TestResourceRefType" time="0.018"/>
  <testcase name="testSetter[9]" classname="org.apache.xmpbox.type.TestResourceRefType" time="0.002"/>
  <testcase name="testPropertyType[10]" classname="org.apache.xmpbox.type.TestResourceRefType" time="0.002"/>
  <testcase name="testRandomPropertyType[10]" classname="org.apache.xmpbox.type.TestResourceRefType" time="0.002"/>
  <testcase name="testRandomSetter[10]" classname="org.apache.xmpbox.type.TestResourceRefType" time="0.007"/>
  <testcase name="testInitializedToNull[10]" classname="org.apache.xmpbox.type.TestResourceRefType" time="0.002"/>
  <testcase name="testSettingValue[10]" classname="org.apache.xmpbox.type.TestResourceRefType" time="0.002"/>
  <testcase name="testRandomSettingValue[10]" classname="org.apache.xmpbox.type.TestResourceRefType" time="0.002"/>
  <testcase name="testSetter[10]" classname="org.apache.xmpbox.type.TestResourceRefType" time="0.001"/>
  <testcase name="testPropertyType[11]" classname="org.apache.xmpbox.type.TestResourceRefType" time="0.002"/>
  <testcase name="testRandomPropertyType[11]" classname="org.apache.xmpbox.type.TestResourceRefType" time="0.003"/>
  <testcase name="testRandomSetter[11]" classname="org.apache.xmpbox.type.TestResourceRefType" time="0.004"/>
  <testcase name="testInitializedToNull[11]" classname="org.apache.xmpbox.type.TestResourceRefType" time="0.002"/>
  <testcase name="testSettingValue[11]" classname="org.apache.xmpbox.type.TestResourceRefType" time="0.002"/>
  <testcase name="testRandomSettingValue[11]" classname="org.apache.xmpbox.type.TestResourceRefType" time="0.003"/>
  <testcase name="testSetter[11]" classname="org.apache.xmpbox.type.TestResourceRefType" time="0.002"/>
  <testcase name="testPropertyType[12]" classname="org.apache.xmpbox.type.TestResourceRefType" time="0.003"/>
  <testcase name="testRandomPropertyType[12]" classname="org.apache.xmpbox.type.TestResourceRefType" time="0.002"/>
  <testcase name="testRandomSetter[12]" classname="org.apache.xmpbox.type.TestResourceRefType" time="0.005"/>
  <testcase name="testInitializedToNull[12]" classname="org.apache.xmpbox.type.TestResourceRefType" time="0.002"/>
  <testcase name="testSettingValue[12]" classname="org.apache.xmpbox.type.TestResourceRefType" time="0.002"/>
  <testcase name="testRandomSettingValue[12]" classname="org.apache.xmpbox.type.TestResourceRefType" time="0.007"/>
  <testcase name="testSetter[12]" classname="org.apache.xmpbox.type.TestResourceRefType" time="0.002"/>
  <testcase name="testPropertyType[13]" classname="org.apache.xmpbox.type.TestResourceRefType" time="0.002"/>
  <testcase name="testRandomPropertyType[13]" classname="org.apache.xmpbox.type.TestResourceRefType" time="0.003"/>
  <testcase name="testRandomSetter[13]" classname="org.apache.xmpbox.type.TestResourceRefType" time="0.007"/>
  <testcase name="testInitializedToNull[13]" classname="org.apache.xmpbox.type.TestResourceRefType" time="0.002"/>
  <testcase name="testSettingValue[13]" classname="org.apache.xmpbox.type.TestResourceRefType" time="0.002"/>
  <testcase name="testRandomSettingValue[13]" classname="org.apache.xmpbox.type.TestResourceRefType" time="0.003"/>
  <testcase name="testSetter[13]" classname="org.apache.xmpbox.type.TestResourceRefType" time="0.002"/>
  <testcase name="testPropertyType[14]" classname="org.apache.xmpbox.type.TestResourceRefType" time="0.002"/>
  <testcase name="testRandomPropertyType[14]" classname="org.apache.xmpbox.type.TestResourceRefType" time="0.002"/>
  <testcase name="testRandomSetter[14]" classname="org.apache.xmpbox.type.TestResourceRefType" time="0.007"/>
  <testcase name="testInitializedToNull[14]" classname="org.apache.xmpbox.type.TestResourceRefType" time="0.003"/>
  <testcase name="testSettingValue[14]" classname="org.apache.xmpbox.type.TestResourceRefType" time="0.002"/>
  <testcase name="testRandomSettingValue[14]" classname="org.apache.xmpbox.type.TestResourceRefType" time="0.003"/>
  <testcase name="testSetter[14]" classname="org.apache.xmpbox.type.TestResourceRefType" time="0.002"/>
</testsuite>