-------------------------------------------------------------------------------
Test set: org.apache.pdfbox.encryption.TestSymmetricKeyEncryption
-------------------------------------------------------------------------------
Tests run: 3, Failures: 3, Errors: 0, Skipped: 0, Time elapsed: 0.001 sec <<< FAILURE! - in org.apache.pdfbox.encryption.TestSymmetricKeyEncryption
testProtectionInnerAttachment(org.apache.pdfbox.encryption.TestSymmetricKeyEncryption)  Time elapsed: 0.001 sec  <<< FAILURE!
junit.framework.AssertionFailedError: JCE unlimited strength jurisdiction policy files are not installed
	at junit.framework.Assert.fail(Assert.java:57)
	at junit.framework.TestCase.fail(TestCase.java:227)
	at org.apache.pdfbox.encryption.TestSymmetricKeyEncryption.setUp(TestSymmetricKeyEncryption.java:84)

testPermissions(org.apache.pdfbox.encryption.TestSymmetricKeyEncryption)  Time elapsed: 0 sec  <<< FAILURE!
junit.framework.AssertionFailedError: JCE unlimited strength jurisdiction policy files are not installed
	at junit.framework.Assert.fail(Assert.java:57)
	at junit.framework.TestCase.fail(TestCase.java:227)
	at org.apache.pdfbox.encryption.TestSymmetricKeyEncryption.setUp(TestSymmetricKeyEncryption.java:84)

testProtection(org.apache.pdfbox.encryption.TestSymmetricKeyEncryption)  Time elapsed: 0 sec  <<< FAILURE!
junit.framework.AssertionFailedError: JCE unlimited strength jurisdiction policy files are not installed
	at junit.framework.Assert.fail(Assert.java:57)
	at junit.framework.TestCase.fail(TestCase.java:227)
	at org.apache.pdfbox.encryption.TestSymmetricKeyEncryption.setUp(TestSymmetricKeyEncryption.java:84)

